<?xml version="1.0" encoding="UTF-8"?>
<!-- Generated by org.testng.reporters.JUnitReportReporter -->
<testsuite hostname="C02Q4K0BG8WP.local" name="com.dazzler.login.LoginTest" tests="2" failures="0" timestamp="16 Feb 2019 01:53:06 GMT" time="8.202" errors="0">
  <testcase name="travel" time="4.685" classname="com.dazzler.login.LoginTest"/>
  <testcase name="travelagain" time="3.517" classname="com.dazzler.login.LoginTest"/>
</testsuite> <!-- com.dazzler.login.LoginTest -->
